<?xml version="1.0" encoding="UTF-8"?>
<testsuite xmlns:xsi="http://www.w3.org/2001/XMLSchema-instance" xsi:noNamespaceSchemaLocation="https://maven.apache.org/surefire/maven-surefire-plugin/xsd/surefire-test-report.xsd" name="RadioTest" time="0.19" tests="49" errors="0" skipped="0" failures="0">
  <properties>
    <property name="sun.desktop" value="windows"/>
    <property name="awt.toolkit" value="sun.awt.windows.WToolkit"/>
    <property name="java.specification.version" value="11"/>
    <property name="sun.cpu.isalist" value="amd64"/>
    <property name="sun.jnu.encoding" value="Cp1251"/>
    <property name="java.class.path" value="C:\IdeaProjects\HWNJava8.1Radio\target\test-classes;C:\IdeaProjects\HWNJava8.1Radio\target\classes;C:\Users\irayn\.m2\repository\org\junit\jupiter\junit-jupiter\5.7.0\junit-jupiter-5.7.0.jar;C:\Users\irayn\.m2\repository\org\junit\jupiter\junit-jupiter-api\5.7.0\junit-jupiter-api-5.7.0.jar;C:\Users\irayn\.m2\repository\org\apiguardian\apiguardian-api\1.1.0\apiguardian-api-1.1.0.jar;C:\Users\irayn\.m2\repository\org\opentest4j\opentest4j\1.2.0\opentest4j-1.2.0.jar;C:\Users\irayn\.m2\repository\org\junit\platform\junit-platform-commons\1.7.0\junit-platform-commons-1.7.0.jar;C:\Users\irayn\.m2\repository\org\junit\jupiter\junit-jupiter-params\5.7.0\junit-jupiter-params-5.7.0.jar;C:\Users\irayn\.m2\repository\org\junit\jupiter\junit-jupiter-engine\5.7.0\junit-jupiter-engine-5.7.0.jar;C:\Users\irayn\.m2\repository\org\junit\platform\junit-platform-engine\1.7.0\junit-platform-engine-1.7.0.jar;"/>
    <property name="java.vm.vendor" value="Eclipse Adoptium"/>
    <property name="sun.arch.data.model" value="64"/>
    <property name="user.variant" value=""/>
    <property name="java.vendor.url" value="https://adoptium.net/"/>
    <property name="user.timezone" value="Europe/Moscow"/>
    <property name="java.vm.specification.version" value="11"/>
    <property name="os.name" value="Windows 10"/>
    <property name="sun.java.launcher" value="SUN_STANDARD"/>
    <property name="user.country" value="RU"/>
    <property name="sun.boot.library.path" value="C:\Program Files\Eclipse Adoptium\jdk-11.0.14.101-hotspot\bin"/>
    <property name="sun.java.command" value="C:\Users\irayn\AppData\Local\Temp\surefire15291495370757971998\surefirebooter18313723375335519671.jar C:\Users\irayn\AppData\Local\Temp\surefire15291495370757971998 2022-06-06T06-53-41_635-jvmRun1 surefire10308351631744199047tmp surefire_010718251156889124532tmp"/>
    <property name="jdk.debug" value="release"/>
    <property name="surefire.test.class.path" value="C:\IdeaProjects\HWNJava8.1Radio\target\test-classes;C:\IdeaProjects\HWNJava8.1Radio\target\classes;C:\Users\irayn\.m2\repository\org\junit\jupiter\junit-jupiter\5.7.0\junit-jupiter-5.7.0.jar;C:\Users\irayn\.m2\repository\org\junit\jupiter\junit-jupiter-api\5.7.0\junit-jupiter-api-5.7.0.jar;C:\Users\irayn\.m2\repository\org\apiguardian\apiguardian-api\1.1.0\apiguardian-api-1.1.0.jar;C:\Users\irayn\.m2\repository\org\opentest4j\opentest4j\1.2.0\opentest4j-1.2.0.jar;C:\Users\irayn\.m2\repository\org\junit\platform\junit-platform-commons\1.7.0\junit-platform-commons-1.7.0.jar;C:\Users\irayn\.m2\repository\org\junit\jupiter\junit-jupiter-params\5.7.0\junit-jupiter-params-5.7.0.jar;C:\Users\irayn\.m2\repository\org\junit\jupiter\junit-jupiter-engine\5.7.0\junit-jupiter-engine-5.7.0.jar;C:\Users\irayn\.m2\repository\org\junit\platform\junit-platform-engine\1.7.0\junit-platform-engine-1.7.0.jar;"/>
    <property name="sun.cpu.endian" value="little"/>
    <property name="user.home" value="C:\Users\irayn"/>
    <property name="user.language" value="ru"/>
    <property name="java.specification.vendor" value="Oracle Corporation"/>
    <property name="java.version.date" value="2022-02-08"/>
    <property name="java.home" value="C:\Program Files\Eclipse Adoptium\jdk-11.0.14.101-hotspot"/>
    <property name="file.separator" value="\"/>
    <property name="basedir" value="C:\IdeaProjects\HWNJava8.1Radio"/>
    <property name="java.vm.compressedOopsMode" value="32-bit"/>
    <property name="line.separator" value="&#10;"/>
    <property name="java.specification.name" value="Java Platform API Specification"/>
    <property name="java.vm.specification.vendor" value="Oracle Corporation"/>
    <property name="java.awt.graphicsenv" value="sun.awt.Win32GraphicsEnvironment"/>
    <property name="surefire.real.class.path" value="C:\Users\irayn\AppData\Local\Temp\surefire15291495370757971998\surefirebooter18313723375335519671.jar"/>
    <property name="user.script" value=""/>
    <property name="sun.management.compiler" value="HotSpot 64-Bit Tiered Compilers"/>
    <property name="java.runtime.version" value="11.0.14.1+1"/>
    <property name="user.name" value="irayn"/>
    <property name="path.separator" value=";"/>
    <property name="os.version" value="10.0"/>
    <property name="java.runtime.name" value="OpenJDK Runtime Environment"/>
    <property name="file.encoding" value="Cp1251"/>
    <property name="java.vm.name" value="OpenJDK 64-Bit Server VM"/>
    <property name="java.vendor.version" value="Temurin-11.0.14.1+1"/>
    <property name="localRepository" value="C:\Users\irayn\.m2\repository"/>
    <property name="java.vendor.url.bug" value="https://github.com/adoptium/adoptium-support/issues"/>
    <property name="java.io.tmpdir" value="C:\Users\irayn\AppData\Local\Temp\"/>
    <property name="idea.version" value="2022.1"/>
    <property name="java.version" value="11.0.14.1"/>
    <property name="user.dir" value="C:\IdeaProjects\HWNJava8.1Radio"/>
    <property name="os.arch" value="amd64"/>
    <property name="java.vm.specification.name" value="Java Virtual Machine Specification"/>
    <property name="java.awt.printerjob" value="sun.awt.windows.WPrinterJob"/>
    <property name="sun.os.patch.level" value=""/>
    <property name="java.library.path" value="C:\Program Files\Eclipse Adoptium\jdk-11.0.14.101-hotspot\bin;C:\WINDOWS\Sun\Java\bin;C:\WINDOWS\system32;C:\WINDOWS;C:\Program Files\Eclipse Adoptium\jdk-11.0.14.101-hotspot\bin;C:\Windows\system32;C:\Windows;C:\Windows\System32\Wbem;C:\Windows\System32\WindowsPowerShell\v1.0\;C:\Windows\System32\OpenSSH\;C:\Program Files (x86)\NVIDIA Corporation\PhysX\Common;C:\Program Files\NVIDIA Corporation\NVIDIA NvDLISR;C:\WINDOWS\system32;C:\WINDOWS;C:\WINDOWS\System32\Wbem;C:\WINDOWS\System32\WindowsPowerShell\v1.0\;C:\WINDOWS\System32\OpenSSH\;C:\Users\irayn\AppData\Local\Microsoft\WindowsApps;C:\Users\irayn\AppData\Local\Programs\Git\cmd;C:\Users\irayn\AppData\Local\Programs\Microsoft VS Code\bin;C:\Users\irayn\AppData\Local\Programs\Fiddler;."/>
    <property name="java.vm.info" value="mixed mode"/>
    <property name="java.vendor" value="Eclipse Adoptium"/>
    <property name="java.vm.version" value="11.0.14.1+1"/>
    <property name="sun.io.unicode.encoding" value="UnicodeLittle"/>
    <property name="java.class.version" value="55.0"/>
  </properties>
  <testcase name="StationNumberSetTest{int, int}[1]" classname="RadioTest" time="0.042"/>
  <testcase name="StationNumberSetTest{int, int}[2]" classname="RadioTest" time="0.002"/>
  <testcase name="StationNumberSetTest{int, int}[3]" classname="RadioTest" time="0"/>
  <testcase name="StationNumberSetTest{int, int}[4]" classname="RadioTest" time="0.001"/>
  <testcase name="StationNumberSetTest{int, int}[5]" classname="RadioTest" time="0"/>
  <testcase name="StationNumberSetTest{int, int}[6]" classname="RadioTest" time="0"/>
  <testcase name="StationNumberSetTest{int, int}[7]" classname="RadioTest" time="0"/>
  <testcase name="StationVolDownTest{int, int}[1]" classname="RadioTest" time="0.001"/>
  <testcase name="StationVolDownTest{int, int}[2]" classname="RadioTest" time="0"/>
  <testcase name="StationVolDownTest{int, int}[3]" classname="RadioTest" time="0"/>
  <testcase name="StationVolDownTest{int, int}[4]" classname="RadioTest" time="0"/>
  <testcase name="StationVolDownTest{int, int}[5]" classname="RadioTest" time="0"/>
  <testcase name="StationVolDownTest{int, int}[6]" classname="RadioTest" time="0.001"/>
  <testcase name="StationVolDownTest{int, int}[7]" classname="RadioTest" time="0.001"/>
  <testcase name="StationNumberPrevTest{int, int}[1]" classname="RadioTest" time="0.001"/>
  <testcase name="StationNumberPrevTest{int, int}[2]" classname="RadioTest" time="0.001"/>
  <testcase name="StationNumberPrevTest{int, int}[3]" classname="RadioTest" time="0.001"/>
  <testcase name="StationNumberPrevTest{int, int}[4]" classname="RadioTest" time="0.009"/>
  <testcase name="StationNumberPrevTest{int, int}[5]" classname="RadioTest" time="0"/>
  <testcase name="StationNumberPrevTest{int, int}[6]" classname="RadioTest" time="0.001"/>
  <testcase name="StationNumberPrevTest{int, int}[7]" classname="RadioTest" time="0.001"/>
  <testcase name="StationVolUpTest{int, int}[1]" classname="RadioTest" time="0"/>
  <testcase name="StationVolUpTest{int, int}[2]" classname="RadioTest" time="0"/>
  <testcase name="StationVolUpTest{int, int}[3]" classname="RadioTest" time="0"/>
  <testcase name="StationVolUpTest{int, int}[4]" classname="RadioTest" time="0.001"/>
  <testcase name="StationVolUpTest{int, int}[5]" classname="RadioTest" time="0"/>
  <testcase name="StationVolUpTest{int, int}[6]" classname="RadioTest" time="0"/>
  <testcase name="StationVolUpTest{int, int}[7]" classname="RadioTest" time="0"/>
  <testcase name="StationVolCurrentSetTest{int, int}[1]" classname="RadioTest" time="0"/>
  <testcase name="StationVolCurrentSetTest{int, int}[2]" classname="RadioTest" time="0"/>
  <testcase name="StationVolCurrentSetTest{int, int}[3]" classname="RadioTest" time="0"/>
  <testcase name="StationVolCurrentSetTest{int, int}[4]" classname="RadioTest" time="0.001"/>
  <testcase name="StationVolCurrentSetTest{int, int}[5]" classname="RadioTest" time="0.001"/>
  <testcase name="StationVolCurrentSetTest{int, int}[6]" classname="RadioTest" time="0.001"/>
  <testcase name="StationVolCurrentSetTest{int, int}[7]" classname="RadioTest" time="0"/>
  <testcase name="StationNumberSetCurrentTest{int, int}[1]" classname="RadioTest" time="0.001"/>
  <testcase name="StationNumberSetCurrentTest{int, int}[2]" classname="RadioTest" time="0.001"/>
  <testcase name="StationNumberSetCurrentTest{int, int}[3]" classname="RadioTest" time="0.001"/>
  <testcase name="StationNumberSetCurrentTest{int, int}[4]" classname="RadioTest" time="0.001"/>
  <testcase name="StationNumberSetCurrentTest{int, int}[5]" classname="RadioTest" time="0"/>
  <testcase name="StationNumberSetCurrentTest{int, int}[6]" classname="RadioTest" time="0"/>
  <testcase name="StationNumberSetCurrentTest{int, int}[7]" classname="RadioTest" time="0"/>
  <testcase name="StationNumberNextTest{int, int}[1]" classname="RadioTest" time="0.002"/>
  <testcase name="StationNumberNextTest{int, int}[2]" classname="RadioTest" time="0.001"/>
  <testcase name="StationNumberNextTest{int, int}[3]" classname="RadioTest" time="0"/>
  <testcase name="StationNumberNextTest{int, int}[4]" classname="RadioTest" time="0"/>
  <testcase name="StationNumberNextTest{int, int}[5]" classname="RadioTest" time="0"/>
  <testcase name="StationNumberNextTest{int, int}[6]" classname="RadioTest" time="0"/>
  <testcase name="StationNumberNextTest{int, int}[7]" classname="RadioTest" time="0.001"/>
</testsuite>